00:19:00.788 [main] INFO  a.b.d.DivFinalProjectApplication - Starting DivFinalProjectApplication using Java 17.0.10 with PID 10132 (C:\Users\Fatima\IdeaProjects\div-final-project\build\classes\java\main started by Fatima in C:\Users\Fatima\IdeaProjects\div-final-project)
00:19:00.793 [main] DEBUG a.b.d.DivFinalProjectApplication - Running with Spring Boot v3.2.4, Spring v6.1.5
00:19:00.794 [main] INFO  a.b.d.DivFinalProjectApplication - The following 1 profile is active: "db"
00:19:06.826 [main] DEBUG a.b.d.security.jwt.AuthTokenFilter - Filter 'authenticationJwtTokenFilter' configured for use
00:19:08.421 [main] INFO  a.b.d.DivFinalProjectApplication - Started DivFinalProjectApplication in 8.271 seconds (process running for 9.186)
00:19:55.546 [http-nio-8080-exec-1] INFO  a.b.d.service.impl.UserServiceImpl - Registering user with email: fatimasultanova.909@gmail.com
00:19:56.168 [http-nio-8080-exec-1] INFO  a.b.d.service.impl.UserServiceImpl - User registered successfully with email: fatimasultanova.909@gmail.com
00:20:11.786 [http-nio-8080-exec-3] INFO  a.b.d.s.impl.UserVerifyServiceImpl - Verification process started for token: be13db20-65d9-4596-bc48-a6fffdfefb0d
00:20:11.866 [http-nio-8080-exec-3] INFO  a.b.d.s.impl.UserVerifyServiceImpl - Verification process completed for token: be13db20-65d9-4596-bc48-a6fffdfefb0d
00:20:18.477 [http-nio-8080-exec-4] INFO  a.b.d.service.impl.UserServiceImpl - Authenticating user process stared with phone number or email: fatimasultanova.909@gmail.com
00:25:26.440 [http-nio-8080-exec-9] INFO  a.b.d.service.impl.PaymentService - Subscription activated for user 19
00:25:26.464 [http-nio-8080-exec-9] INFO  a.b.d.service.impl.PaymentService - Payment processed successfully for user id: 19
00:26:50.388 [http-nio-8080-exec-4] INFO  a.b.d.service.impl.UserServiceImpl - Fetching contact information for user id: 5
00:26:50.393 [http-nio-8080-exec-4] WARN  a.b.d.service.impl.UserServiceImpl - User not found with id: 5
00:29:08.199 [main] INFO  a.b.d.DivFinalProjectApplication - Starting DivFinalProjectApplication using Java 17.0.10 with PID 10520 (C:\Users\Fatima\IdeaProjects\div-final-project\build\classes\java\main started by Fatima in C:\Users\Fatima\IdeaProjects\div-final-project)
00:29:08.200 [main] DEBUG a.b.d.DivFinalProjectApplication - Running with Spring Boot v3.2.4, Spring v6.1.5
00:29:08.202 [main] INFO  a.b.d.DivFinalProjectApplication - The following 1 profile is active: "db"
00:29:12.642 [main] DEBUG a.b.d.security.jwt.AuthTokenFilter - Filter 'authenticationJwtTokenFilter' configured for use
00:29:13.963 [main] INFO  a.b.d.DivFinalProjectApplication - Started DivFinalProjectApplication in 6.133 seconds (process running for 6.734)
00:29:27.218 [http-nio-8080-exec-6] INFO  a.b.d.service.impl.UserServiceImpl - Fetching contact information for user id: 5
00:29:27.266 [http-nio-8080-exec-6] WARN  a.b.d.service.impl.UserServiceImpl - User not found with id: 5
00:29:49.476 [http-nio-8080-exec-4] INFO  a.b.d.service.impl.UserServiceImpl - Authenticating user process stared with phone number or email: fatimasultanov.909@gmail.com
00:29:49.601 [http-nio-8080-exec-4] ERROR a.b.d.service.impl.UserServiceImpl - User with phone number or email: fatimasultanov.909@gmail.com not found or not eligible for authentication
00:35:10.827 [main] INFO  a.b.d.DivFinalProjectApplication - Starting DivFinalProjectApplication using Java 17.0.10 with PID 24132 (C:\Users\Fatima\IdeaProjects\div-final-project\build\classes\java\main started by Fatima in C:\Users\Fatima\IdeaProjects\div-final-project)
00:35:10.828 [main] DEBUG a.b.d.DivFinalProjectApplication - Running with Spring Boot v3.2.4, Spring v6.1.5
00:35:10.829 [main] INFO  a.b.d.DivFinalProjectApplication - The following 1 profile is active: "db"
00:35:15.259 [main] DEBUG a.b.d.security.jwt.AuthTokenFilter - Filter 'authenticationJwtTokenFilter' configured for use
00:35:16.497 [main] INFO  a.b.d.DivFinalProjectApplication - Started DivFinalProjectApplication in 5.962 seconds (process running for 6.452)
00:35:25.044 [http-nio-8080-exec-2] INFO  a.b.d.service.impl.UserServiceImpl - Authenticating user process stared with phone number or email: fatimasultanov.909@gmail.com
00:35:25.126 [http-nio-8080-exec-2] ERROR a.b.d.service.impl.UserServiceImpl - User with phone number or email: fatimasultanov.909@gmail.com not found or not eligible for authentication
00:35:26.998 [http-nio-8080-exec-4] INFO  a.b.d.service.impl.UserServiceImpl - Authenticating user process stared with phone number or email: fatimasultanov.909@gmail.com
00:35:26.998 [http-nio-8080-exec-4] ERROR a.b.d.service.impl.UserServiceImpl - User with phone number or email: fatimasultanov.909@gmail.com not found or not eligible for authentication
00:36:12.800 [main] INFO  a.b.d.DivFinalProjectApplication - Starting DivFinalProjectApplication using Java 17.0.10 with PID 3024 (C:\Users\Fatima\IdeaProjects\div-final-project\build\classes\java\main started by Fatima in C:\Users\Fatima\IdeaProjects\div-final-project)
00:36:12.802 [main] DEBUG a.b.d.DivFinalProjectApplication - Running with Spring Boot v3.2.4, Spring v6.1.5
00:36:12.803 [main] INFO  a.b.d.DivFinalProjectApplication - The following 1 profile is active: "db"
00:36:17.403 [main] DEBUG a.b.d.security.jwt.AuthTokenFilter - Filter 'authenticationJwtTokenFilter' configured for use
00:36:18.797 [main] INFO  a.b.d.DivFinalProjectApplication - Started DivFinalProjectApplication in 6.37 seconds (process running for 6.984)
00:36:24.782 [http-nio-8080-exec-1] INFO  a.b.d.service.impl.UserServiceImpl - Authenticating user process stared with phone number or email: fatimasultanov.909@gmail.com
00:36:24.870 [http-nio-8080-exec-1] ERROR a.b.d.service.impl.UserServiceImpl - User with phone number or email: fatimasultanov.909@gmail.com not found or not eligible for authentication
